2016-02-18 03:41:32,904 CRIT Supervisor running as root (no user in config file)
2016-02-18 03:41:32,963 INFO RPC interface 'supervisor' initialized
2016-02-18 03:41:32,964 CRIT Server 'inet_http_server' running without any HTTP authentication checking
2016-02-18 03:41:32,964 INFO supervisord started with pid 1
2016-02-18 03:41:33,980 INFO spawned: 'redash_celery' with pid 8
2016-02-18 03:41:33,984 INFO spawned: 'redash_server' with pid 9
2016-02-18 03:41:33,991 INFO spawned: 'redash_celery_scheduled' with pid 10
2016-02-18 03:41:35,917 INFO success: redash_celery entered RUNNING state, process has stayed up for > than 1 seconds (startsecs)
2016-02-18 03:41:35,917 INFO success: redash_server entered RUNNING state, process has stayed up for > than 1 seconds (startsecs)
2016-02-18 03:41:35,917 INFO success: redash_celery_scheduled entered RUNNING state, process has stayed up for > than 1 seconds (startsecs)
2016-02-18 03:51:16,183 CRIT Supervisor running as root (no user in config file)
2016-02-18 03:51:16,229 INFO RPC interface 'supervisor' initialized
2016-02-18 03:51:16,230 CRIT Server 'inet_http_server' running without any HTTP authentication checking
2016-02-18 03:51:16,230 INFO supervisord started with pid 1
2016-02-18 03:51:17,233 INFO spawned: 'redash_celery' with pid 8
2016-02-18 03:51:17,234 INFO spawned: 'redash_server' with pid 9
2016-02-18 03:51:17,236 INFO spawned: 'redash_celery_scheduled' with pid 10
2016-02-18 03:51:18,924 INFO success: redash_celery entered RUNNING state, process has stayed up for > than 1 seconds (startsecs)
2016-02-18 03:51:18,924 INFO success: redash_server entered RUNNING state, process has stayed up for > than 1 seconds (startsecs)
2016-02-18 03:51:18,924 INFO success: redash_celery_scheduled entered RUNNING state, process has stayed up for > than 1 seconds (startsecs)
2016-02-18 04:56:01,149 WARN received SIGTERM indicating exit request
2016-02-18 04:56:01,165 INFO waiting for redash_celery, redash_server, redash_celery_scheduled to die
2016-02-18 04:56:02,844 INFO stopped: redash_celery_scheduled (exit status 0)
2016-02-18 04:56:02,977 INFO stopped: redash_server (exit status 0)
2016-02-18 04:56:04,983 INFO waiting for redash_celery to die
2016-02-18 04:56:07,988 INFO waiting for redash_celery to die
2016-02-18 04:56:10,993 INFO waiting for redash_celery to die
2016-02-18 04:56:20,382 CRIT Supervisor running as root (no user in config file)
2016-02-18 04:56:20,458 INFO RPC interface 'supervisor' initialized
2016-02-18 04:56:20,459 CRIT Server 'inet_http_server' running without any HTTP authentication checking
2016-02-18 04:56:20,459 INFO supervisord started with pid 1
2016-02-18 04:56:21,462 INFO spawned: 'redash_celery' with pid 8
2016-02-18 04:56:21,465 INFO spawned: 'redash_server' with pid 9
2016-02-18 04:56:21,480 INFO spawned: 'redash_celery_scheduled' with pid 10
2016-02-18 04:56:23,199 INFO success: redash_celery entered RUNNING state, process has stayed up for > than 1 seconds (startsecs)
2016-02-18 04:56:23,199 INFO success: redash_server entered RUNNING state, process has stayed up for > than 1 seconds (startsecs)
2016-02-18 04:56:23,199 INFO success: redash_celery_scheduled entered RUNNING state, process has stayed up for > than 1 seconds (startsecs)
2016-02-18 05:02:34,301 WARN received SIGTERM indicating exit request
2016-02-18 05:02:34,306 INFO waiting for redash_celery, redash_server, redash_celery_scheduled to die
2016-02-18 05:02:36,304 INFO stopped: redash_celery_scheduled (exit status 0)
2016-02-18 05:02:36,435 INFO stopped: redash_server (exit status 0)
2016-02-18 05:02:37,437 INFO waiting for redash_celery to die
2016-02-18 05:02:40,444 INFO waiting for redash_celery to die
2016-02-18 05:02:43,450 INFO waiting for redash_celery to die
2016-02-18 05:02:51,136 CRIT Supervisor running as root (no user in config file)
2016-02-18 05:02:51,160 INFO RPC interface 'supervisor' initialized
2016-02-18 05:02:51,160 CRIT Server 'inet_http_server' running without any HTTP authentication checking
2016-02-18 05:02:51,160 INFO supervisord started with pid 1
2016-02-18 05:02:52,164 INFO spawned: 'redash_celery' with pid 8
2016-02-18 05:02:52,167 INFO spawned: 'redash_server' with pid 9
2016-02-18 05:02:52,171 INFO spawned: 'redash_celery_scheduled' with pid 10
2016-02-18 05:02:53,539 INFO success: redash_celery entered RUNNING state, process has stayed up for > than 1 seconds (startsecs)
2016-02-18 05:02:53,539 INFO success: redash_server entered RUNNING state, process has stayed up for > than 1 seconds (startsecs)
2016-02-18 05:02:53,539 INFO success: redash_celery_scheduled entered RUNNING state, process has stayed up for > than 1 seconds (startsecs)
2016-02-18 05:25:36,875 INFO reaped unknown pid 3660
2016-02-18 05:26:17,353 INFO reaped unknown pid 3683
2016-02-18 05:26:17,483 INFO reaped unknown pid 3715
2016-02-18 05:26:17,634 INFO reaped unknown pid 3716
2016-02-18 05:26:17,821 INFO reaped unknown pid 3707
2016-02-18 05:26:20,856 INFO reaped unknown pid 3712
2016-02-18 05:26:54,113 INFO reaped unknown pid 3764
2016-02-18 05:26:54,593 INFO reaped unknown pid 3762
2016-02-18 05:26:54,891 INFO reaped unknown pid 3756
2016-02-18 05:27:01,198 INFO reaped unknown pid 3757
2016-02-18 05:27:02,891 INFO reaped unknown pid 3758
2016-02-18 05:29:33,404 INFO reaped unknown pid 3881
2016-02-18 07:03:00,777 WARN received SIGTERM indicating exit request
2016-02-18 07:03:01,525 INFO waiting for redash_celery, redash_server, redash_celery_scheduled to die
2016-02-18 07:03:04,627 INFO waiting for redash_celery, redash_server, redash_celery_scheduled to die
2016-02-18 07:03:07,630 INFO waiting for redash_celery, redash_server, redash_celery_scheduled to die
2016-02-18 07:03:10,635 INFO waiting for redash_celery, redash_server, redash_celery_scheduled to die
2016-02-18 07:03:20,409 CRIT Supervisor running as root (no user in config file)
2016-02-18 07:03:20,467 INFO RPC interface 'supervisor' initialized
2016-02-18 07:03:20,467 CRIT Server 'inet_http_server' running without any HTTP authentication checking
2016-02-18 07:03:20,468 INFO supervisord started with pid 1
2016-02-18 07:03:21,473 INFO spawned: 'redash_celery' with pid 8
2016-02-18 07:03:21,478 INFO spawned: 'redash_server' with pid 9
2016-02-18 07:03:21,485 INFO spawned: 'redash_celery_scheduled' with pid 10
2016-02-18 07:03:23,240 INFO success: redash_celery entered RUNNING state, process has stayed up for > than 1 seconds (startsecs)
2016-02-18 07:03:23,240 INFO success: redash_server entered RUNNING state, process has stayed up for > than 1 seconds (startsecs)
2016-02-18 07:03:23,240 INFO success: redash_celery_scheduled entered RUNNING state, process has stayed up for > than 1 seconds (startsecs)
2016-02-18 07:03:29,453 INFO exited: redash_server (exit status 3; not expected)
2016-02-18 07:03:30,457 INFO spawned: 'redash_server' with pid 39
2016-02-18 07:03:31,460 INFO success: redash_server entered RUNNING state, process has stayed up for > than 1 seconds (startsecs)
2016-02-18 07:03:33,652 INFO exited: redash_server (exit status 1; not expected)
2016-02-18 07:03:33,652 INFO reaped unknown pid 51
2016-02-18 07:03:33,656 INFO spawned: 'redash_server' with pid 56
2016-02-18 07:03:33,657 INFO reaped unknown pid 45
2016-02-18 07:03:35,197 INFO success: redash_server entered RUNNING state, process has stayed up for > than 1 seconds (startsecs)
2016-02-18 07:03:35,377 INFO exited: redash_server (exit status 3; not expected)
2016-02-18 07:03:36,380 INFO spawned: 'redash_server' with pid 73
2016-02-18 07:03:37,706 INFO success: redash_server entered RUNNING state, process has stayed up for > than 1 seconds (startsecs)
2016-02-18 07:03:38,114 INFO exited: redash_server (exit status 1; not expected)
2016-02-18 07:03:38,135 INFO spawned: 'redash_server' with pid 90
2016-02-18 07:03:38,135 INFO reaped unknown pid 83
2016-02-18 07:03:39,401 INFO success: redash_server entered RUNNING state, process has stayed up for > than 1 seconds (startsecs)
2016-02-18 07:03:39,825 INFO exited: redash_server (exit status 3; not expected)
2016-02-18 07:03:40,828 INFO spawned: 'redash_server' with pid 107
2016-02-18 07:03:42,257 INFO success: redash_server entered RUNNING state, process has stayed up for > than 1 seconds (startsecs)
2016-02-18 07:03:42,533 INFO exited: redash_server (exit status 3; not expected)
2016-02-18 07:03:43,536 INFO spawned: 'redash_server' with pid 124
2016-02-18 07:03:44,868 INFO success: redash_server entered RUNNING state, process has stayed up for > than 1 seconds (startsecs)
2016-02-18 07:03:45,214 INFO exited: redash_server (exit status 1; not expected)
2016-02-18 07:03:46,217 INFO spawned: 'redash_server' with pid 141
2016-02-18 07:03:47,582 INFO success: redash_server entered RUNNING state, process has stayed up for > than 1 seconds (startsecs)
2016-02-18 07:03:47,936 INFO exited: redash_server (exit status 1; not expected)
2016-02-18 07:03:48,939 INFO spawned: 'redash_server' with pid 158
2016-02-18 07:03:50,245 INFO success: redash_server entered RUNNING state, process has stayed up for > than 1 seconds (startsecs)
2016-02-18 07:03:50,644 INFO exited: redash_server (exit status 1; not expected)
2016-02-18 07:03:51,647 INFO spawned: 'redash_server' with pid 175
2016-02-18 07:03:52,966 INFO success: redash_server entered RUNNING state, process has stayed up for > than 1 seconds (startsecs)
2016-02-18 07:03:53,410 INFO exited: redash_server (exit status 1; not expected)
2016-02-18 07:03:54,414 INFO spawned: 'redash_server' with pid 192
2016-02-18 07:03:55,577 INFO success: redash_server entered RUNNING state, process has stayed up for > than 1 seconds (startsecs)
2016-02-18 07:03:56,114 INFO exited: redash_server (exit status 1; not expected)
2016-02-18 07:03:57,117 INFO spawned: 'redash_server' with pid 209
2016-02-18 07:03:58,287 INFO success: redash_server entered RUNNING state, process has stayed up for > than 1 seconds (startsecs)
2016-02-18 07:03:58,776 INFO exited: redash_server (exit status 3; not expected)
2016-02-18 07:03:59,779 INFO spawned: 'redash_server' with pid 226
2016-02-18 07:04:01,051 INFO success: redash_server entered RUNNING state, process has stayed up for > than 1 seconds (startsecs)
2016-02-18 07:04:01,505 INFO exited: redash_server (exit status 1; not expected)
2016-02-18 07:04:02,508 INFO spawned: 'redash_server' with pid 243
2016-02-18 07:04:03,728 INFO success: redash_server entered RUNNING state, process has stayed up for > than 1 seconds (startsecs)
2016-02-18 07:04:04,262 INFO exited: redash_server (exit status 1; not expected)
2016-02-18 07:04:05,266 INFO spawned: 'redash_server' with pid 260
2016-02-18 07:04:06,404 INFO success: redash_server entered RUNNING state, process has stayed up for > than 1 seconds (startsecs)
2016-02-18 07:04:06,962 INFO exited: redash_server (exit status 1; not expected)
2016-02-18 07:04:07,965 INFO spawned: 'redash_server' with pid 277
2016-02-18 07:04:09,467 INFO success: redash_server entered RUNNING state, process has stayed up for > than 1 seconds (startsecs)
2016-02-18 07:04:09,762 INFO exited: redash_server (exit status 3; not expected)
2016-02-18 07:04:10,764 INFO spawned: 'redash_server' with pid 294
2016-02-18 07:04:12,058 INFO success: redash_server entered RUNNING state, process has stayed up for > than 1 seconds (startsecs)
2016-02-18 07:04:12,575 INFO exited: redash_server (exit status 1; not expected)
2016-02-18 07:04:12,604 INFO spawned: 'redash_server' with pid 311
2016-02-18 07:04:12,604 INFO reaped unknown pid 306
2016-02-18 07:04:13,919 INFO success: redash_server entered RUNNING state, process has stayed up for > than 1 seconds (startsecs)
2016-02-18 07:04:14,383 INFO exited: redash_server (exit status 1; not expected)
2016-02-18 07:04:15,385 INFO spawned: 'redash_server' with pid 328
2016-02-18 07:04:16,769 INFO success: redash_server entered RUNNING state, process has stayed up for > than 1 seconds (startsecs)
2016-02-18 07:04:17,149 INFO exited: redash_server (exit status 3; not expected)
2016-02-18 07:04:18,151 INFO spawned: 'redash_server' with pid 345
2016-02-18 07:04:19,625 INFO success: redash_server entered RUNNING state, process has stayed up for > than 1 seconds (startsecs)
2016-02-18 07:04:19,874 INFO exited: redash_server (exit status 1; not expected)
2016-02-18 07:04:20,878 INFO spawned: 'redash_server' with pid 362
2016-02-18 07:04:22,140 INFO success: redash_server entered RUNNING state, process has stayed up for > than 1 seconds (startsecs)
2016-02-18 07:04:22,627 INFO exited: redash_server (exit status 1; not expected)
2016-02-18 07:04:22,649 INFO spawned: 'redash_server' with pid 379
2016-02-18 07:04:22,649 INFO reaped unknown pid 374
2016-02-18 07:04:23,788 INFO success: redash_server entered RUNNING state, process has stayed up for > than 1 seconds (startsecs)
2016-02-18 07:04:24,287 INFO exited: redash_server (exit status 3; not expected)
2016-02-18 07:04:25,290 INFO spawned: 'redash_server' with pid 396
2016-02-18 07:04:26,492 INFO success: redash_server entered RUNNING state, process has stayed up for > than 1 seconds (startsecs)
2016-02-18 07:04:27,017 INFO exited: redash_server (exit status 3; not expected)
2016-02-18 07:04:28,020 INFO spawned: 'redash_server' with pid 413
2016-02-18 07:04:29,291 INFO success: redash_server entered RUNNING state, process has stayed up for > than 1 seconds (startsecs)
2016-02-18 07:04:29,755 INFO exited: redash_server (exit status 1; not expected)
2016-02-18 07:04:30,758 INFO spawned: 'redash_server' with pid 430
2016-02-18 07:04:32,031 INFO success: redash_server entered RUNNING state, process has stayed up for > than 1 seconds (startsecs)
2016-02-18 07:04:32,521 INFO exited: redash_server (exit status 3; not expected)
2016-02-18 07:04:33,525 INFO spawned: 'redash_server' with pid 447
2016-02-18 07:04:35,062 INFO success: redash_server entered RUNNING state, process has stayed up for > than 1 seconds (startsecs)
2016-02-18 07:04:35,293 INFO exited: redash_server (exit status 1; not expected)
2016-02-18 07:04:36,296 INFO spawned: 'redash_server' with pid 464
2016-02-18 07:04:37,485 INFO success: redash_server entered RUNNING state, process has stayed up for > than 1 seconds (startsecs)
2016-02-18 07:04:38,037 INFO exited: redash_server (exit status 1; not expected)
2016-02-18 07:04:39,040 INFO spawned: 'redash_server' with pid 481
2016-02-18 07:04:40,429 INFO success: redash_server entered RUNNING state, process has stayed up for > than 1 seconds (startsecs)
2016-02-18 07:04:40,744 INFO exited: redash_server (exit status 3; not expected)
2016-02-18 07:04:41,747 INFO spawned: 'redash_server' with pid 498
2016-02-18 07:04:43,015 INFO success: redash_server entered RUNNING state, process has stayed up for > than 1 seconds (startsecs)
2016-02-18 07:04:43,464 INFO exited: redash_server (exit status 1; not expected)
2016-02-18 07:04:44,467 INFO spawned: 'redash_server' with pid 515
2016-02-18 07:04:45,734 INFO success: redash_server entered RUNNING state, process has stayed up for > than 1 seconds (startsecs)
2016-02-18 07:04:46,141 INFO exited: redash_server (exit status 3; not expected)
2016-02-18 07:04:47,144 INFO spawned: 'redash_server' with pid 532
2016-02-18 07:04:48,548 INFO success: redash_server entered RUNNING state, process has stayed up for > than 1 seconds (startsecs)
2016-02-18 07:04:48,840 INFO exited: redash_server (exit status 1; not expected)
2016-02-18 07:04:48,842 INFO spawned: 'redash_server' with pid 549
2016-02-18 07:04:48,843 INFO reaped unknown pid 544
2016-02-18 07:04:50,111 INFO success: redash_server entered RUNNING state, process has stayed up for > than 1 seconds (startsecs)
2016-02-18 07:04:50,486 INFO exited: redash_server (exit status 3; not expected)
2016-02-18 07:04:51,489 INFO spawned: 'redash_server' with pid 566
2016-02-18 07:04:52,964 INFO success: redash_server entered RUNNING state, process has stayed up for > than 1 seconds (startsecs)
2016-02-18 07:04:53,226 INFO exited: redash_server (exit status 1; not expected)
2016-02-18 07:04:54,229 INFO spawned: 'redash_server' with pid 583
2016-02-18 07:04:55,589 INFO success: redash_server entered RUNNING state, process has stayed up for > than 1 seconds (startsecs)
2016-02-18 07:04:55,930 INFO exited: redash_server (exit status 1; not expected)
2016-02-18 07:04:56,933 INFO spawned: 'redash_server' with pid 600
2016-02-18 07:04:58,224 INFO success: redash_server entered RUNNING state, process has stayed up for > than 1 seconds (startsecs)
2016-02-18 07:04:58,615 INFO exited: redash_server (exit status 1; not expected)
2016-02-18 07:04:58,708 INFO spawned: 'redash_server' with pid 617
2016-02-18 07:04:58,708 INFO reaped unknown pid 609
2016-02-18 07:04:58,732 INFO reaped unknown pid 612
2016-02-18 07:04:59,908 INFO success: redash_server entered RUNNING state, process has stayed up for > than 1 seconds (startsecs)
2016-02-18 07:05:00,388 INFO exited: redash_server (exit status 3; not expected)
2016-02-18 07:05:01,392 INFO spawned: 'redash_server' with pid 634
2016-02-18 07:05:02,743 INFO success: redash_server entered RUNNING state, process has stayed up for > than 1 seconds (startsecs)
2016-02-18 07:05:03,058 INFO exited: redash_server (exit status 3; not expected)
2016-02-18 07:05:04,061 INFO spawned: 'redash_server' with pid 651
2016-02-18 07:05:05,292 INFO success: redash_server entered RUNNING state, process has stayed up for > than 1 seconds (startsecs)
2016-02-18 07:05:05,803 INFO exited: redash_server (exit status 1; not expected)
2016-02-18 07:05:05,803 INFO reaped unknown pid 663
2016-02-18 07:05:06,806 INFO spawned: 'redash_server' with pid 668
2016-02-18 07:05:08,009 INFO success: redash_server entered RUNNING state, process has stayed up for > than 1 seconds (startsecs)
2016-02-18 07:05:08,527 INFO exited: redash_server (exit status 3; not expected)
2016-02-18 07:05:09,530 INFO spawned: 'redash_server' with pid 685
2016-02-18 07:05:10,903 INFO success: redash_server entered RUNNING state, process has stayed up for > than 1 seconds (startsecs)
2016-02-18 07:05:11,199 INFO exited: redash_server (exit status 3; not expected)
2016-02-18 07:05:12,202 INFO spawned: 'redash_server' with pid 702
2016-02-18 07:05:13,561 INFO success: redash_server entered RUNNING state, process has stayed up for > than 1 seconds (startsecs)
2016-02-18 07:05:13,900 INFO exited: redash_server (exit status 1; not expected)
2016-02-18 07:05:14,903 INFO spawned: 'redash_server' with pid 719
2016-02-18 07:05:16,098 INFO success: redash_server entered RUNNING state, process has stayed up for > than 1 seconds (startsecs)
2016-02-18 07:05:16,650 INFO exited: redash_server (exit status 1; not expected)
2016-02-18 07:05:17,652 INFO spawned: 'redash_server' with pid 736
2016-02-18 07:05:19,079 INFO success: redash_server entered RUNNING state, process has stayed up for > than 1 seconds (startsecs)
2016-02-18 07:05:19,600 INFO exited: redash_server (exit status 1; not expected)
2016-02-18 07:05:19,600 INFO reaped unknown pid 746
2016-02-18 07:05:20,602 INFO spawned: 'redash_server' with pid 753
2016-02-18 07:05:22,109 INFO success: redash_server entered RUNNING state, process has stayed up for > than 1 seconds (startsecs)
2016-02-18 07:05:22,530 INFO exited: redash_server (exit status 3; not expected)
2016-02-18 07:05:23,532 INFO spawned: 'redash_server' with pid 770
2016-02-18 07:05:25,077 INFO success: redash_server entered RUNNING state, process has stayed up for > than 1 seconds (startsecs)
2016-02-18 07:05:25,497 INFO exited: redash_server (exit status 3; not expected)
2016-02-18 07:05:26,499 INFO spawned: 'redash_server' with pid 787
2016-02-18 07:05:28,119 INFO success: redash_server entered RUNNING state, process has stayed up for > than 1 seconds (startsecs)
2016-02-18 07:05:28,477 INFO exited: redash_server (exit status 3; not expected)
2016-02-18 07:05:29,480 INFO spawned: 'redash_server' with pid 804
2016-02-18 07:05:31,202 INFO success: redash_server entered RUNNING state, process has stayed up for > than 1 seconds (startsecs)
2016-02-18 07:05:31,538 INFO exited: redash_server (exit status 1; not expected)
2016-02-18 07:05:32,540 INFO spawned: 'redash_server' with pid 821
2016-02-18 07:05:34,158 INFO success: redash_server entered RUNNING state, process has stayed up for > than 1 seconds (startsecs)
2016-02-18 07:05:34,468 INFO exited: redash_server (exit status 3; not expected)
2016-02-18 07:05:35,470 INFO spawned: 'redash_server' with pid 838
2016-02-18 07:05:37,161 INFO success: redash_server entered RUNNING state, process has stayed up for > than 1 seconds (startsecs)
2016-02-18 07:05:37,502 INFO exited: redash_server (exit status 1; not expected)
2016-02-18 07:05:38,506 INFO spawned: 'redash_server' with pid 855
2016-02-18 07:05:40,051 INFO success: redash_server entered RUNNING state, process has stayed up for > than 1 seconds (startsecs)
2016-02-18 07:05:40,344 INFO exited: redash_server (exit status 1; not expected)
2016-02-18 07:05:41,347 INFO spawned: 'redash_server' with pid 872
2016-02-18 07:05:42,548 INFO success: redash_server entered RUNNING state, process has stayed up for > than 1 seconds (startsecs)
2016-02-18 07:05:43,063 INFO exited: redash_server (exit status 3; not expected)
2016-02-18 07:05:44,065 INFO spawned: 'redash_server' with pid 889
2016-02-18 07:05:45,496 INFO success: redash_server entered RUNNING state, process has stayed up for > than 1 seconds (startsecs)
2016-02-18 07:05:45,813 INFO exited: redash_server (exit status 1; not expected)
2016-02-18 07:05:46,817 INFO spawned: 'redash_server' with pid 906
2016-02-18 07:05:48,224 INFO success: redash_server entered RUNNING state, process has stayed up for > than 1 seconds (startsecs)
2016-02-18 07:05:48,560 INFO exited: redash_server (exit status 1; not expected)
2016-02-18 07:05:49,563 INFO spawned: 'redash_server' with pid 923
2016-02-18 07:05:51,007 INFO success: redash_server entered RUNNING state, process has stayed up for > than 1 seconds (startsecs)
2016-02-18 07:05:51,273 INFO exited: redash_server (exit status 3; not expected)
2016-02-18 07:05:52,276 INFO spawned: 'redash_server' with pid 940
2016-02-18 07:05:53,443 INFO success: redash_server entered RUNNING state, process has stayed up for > than 1 seconds (startsecs)
2016-02-18 07:05:54,042 INFO exited: redash_server (exit status 1; not expected)
2016-02-18 07:05:54,042 INFO reaped unknown pid 950
2016-02-18 07:05:55,045 INFO spawned: 'redash_server' with pid 957
2016-02-18 07:05:56,195 INFO success: redash_server entered RUNNING state, process has stayed up for > than 1 seconds (startsecs)
2016-02-18 07:05:56,741 INFO exited: redash_server (exit status 1; not expected)
2016-02-18 07:05:57,744 INFO spawned: 'redash_server' with pid 974
2016-02-18 07:05:59,231 INFO success: redash_server entered RUNNING state, process has stayed up for > than 1 seconds (startsecs)
2016-02-18 07:05:59,439 INFO exited: redash_server (exit status 1; not expected)
2016-02-18 07:05:59,503 INFO spawned: 'redash_server' with pid 991
2016-02-18 07:05:59,504 INFO reaped unknown pid 983
2016-02-18 07:05:59,571 INFO reaped unknown pid 986
2016-02-18 07:06:00,723 INFO success: redash_server entered RUNNING state, process has stayed up for > than 1 seconds (startsecs)
2016-02-18 07:06:01,206 INFO exited: redash_server (exit status 3; not expected)
2016-02-18 07:06:02,209 INFO spawned: 'redash_server' with pid 1008
2016-02-18 07:06:03,551 INFO success: redash_server entered RUNNING state, process has stayed up for > than 1 seconds (startsecs)
2016-02-18 07:06:03,942 INFO exited: redash_server (exit status 1; not expected)
2016-02-18 07:06:03,975 INFO spawned: 'redash_server' with pid 1025
2016-02-18 07:06:03,976 INFO reaped unknown pid 1018
2016-02-18 07:06:05,405 INFO success: redash_server entered RUNNING state, process has stayed up for > than 1 seconds (startsecs)
2016-02-18 07:06:05,638 INFO exited: redash_server (exit status 1; not expected)
2016-02-18 07:06:06,641 INFO spawned: 'redash_server' with pid 1042
2016-02-18 07:06:07,928 INFO success: redash_server entered RUNNING state, process has stayed up for > than 1 seconds (startsecs)
2016-02-18 07:06:08,322 INFO exited: redash_server (exit status 3; not expected)
2016-02-18 07:06:09,325 INFO spawned: 'redash_server' with pid 1059
2016-02-18 07:06:10,708 INFO success: redash_server entered RUNNING state, process has stayed up for > than 1 seconds (startsecs)
2016-02-18 07:06:11,017 INFO exited: redash_server (exit status 3; not expected)
2016-02-18 07:06:12,020 INFO spawned: 'redash_server' with pid 1076
2016-02-18 07:06:13,432 INFO success: redash_server entered RUNNING state, process has stayed up for > than 1 seconds (startsecs)
2016-02-18 07:06:13,700 INFO exited: redash_server (exit status 1; not expected)
2016-02-18 07:06:13,730 INFO spawned: 'redash_server' with pid 1093
2016-02-18 07:06:13,730 INFO reaped unknown pid 1086
2016-02-18 07:06:15,097 INFO success: redash_server entered RUNNING state, process has stayed up for > than 1 seconds (startsecs)
2016-02-18 07:06:15,418 INFO exited: redash_server (exit status 1; not expected)
2016-02-18 07:06:16,422 INFO spawned: 'redash_server' with pid 1110
2016-02-18 07:06:17,569 INFO success: redash_server entered RUNNING state, process has stayed up for > than 1 seconds (startsecs)
2016-02-18 07:06:18,088 INFO exited: redash_server (exit status 3; not expected)
2016-02-18 07:06:19,091 INFO spawned: 'redash_server' with pid 1127
2016-02-18 07:06:20,282 INFO success: redash_server entered RUNNING state, process has stayed up for > than 1 seconds (startsecs)
2016-02-18 07:06:20,789 INFO exited: redash_server (exit status 1; not expected)
2016-02-18 07:06:20,791 INFO spawned: 'redash_server' with pid 1144
2016-02-18 07:06:20,792 INFO reaped unknown pid 1136
2016-02-18 07:06:22,098 INFO success: redash_server entered RUNNING state, process has stayed up for > than 1 seconds (startsecs)
2016-02-18 07:06:22,481 INFO exited: redash_server (exit status 3; not expected)
2016-02-18 07:06:23,484 INFO spawned: 'redash_server' with pid 1161
2016-02-18 07:06:24,669 INFO success: redash_server entered RUNNING state, process has stayed up for > than 1 seconds (startsecs)
2016-02-18 07:06:25,158 INFO exited: redash_server (exit status 3; not expected)
2016-02-18 07:06:26,161 INFO spawned: 'redash_server' with pid 1178
2016-02-18 07:06:27,610 INFO success: redash_server entered RUNNING state, process has stayed up for > than 1 seconds (startsecs)
2016-02-18 07:06:27,847 INFO exited: redash_server (exit status 1; not expected)
2016-02-18 07:06:28,850 INFO spawned: 'redash_server' with pid 1195
2016-02-18 07:06:29,964 INFO success: redash_server entered RUNNING state, process has stayed up for > than 1 seconds (startsecs)
2016-02-18 07:06:30,550 INFO exited: redash_server (exit status 1; not expected)
2016-02-18 07:06:30,589 INFO spawned: 'redash_server' with pid 1212
2016-02-18 07:06:30,590 INFO reaped unknown pid 1207
2016-02-18 07:06:31,914 INFO success: redash_server entered RUNNING state, process has stayed up for > than 1 seconds (startsecs)
2016-02-18 07:06:32,283 INFO exited: redash_server (exit status 1; not expected)
2016-02-18 07:06:32,289 INFO spawned: 'redash_server' with pid 1229
2016-02-18 07:06:32,289 INFO reaped unknown pid 1222
2016-02-18 07:06:33,399 INFO success: redash_server entered RUNNING state, process has stayed up for > than 1 seconds (startsecs)
2016-02-18 07:06:33,963 INFO exited: redash_server (exit status 1; not expected)
2016-02-18 07:06:34,966 INFO spawned: 'redash_server' with pid 1246
2016-02-18 07:06:36,121 INFO success: redash_server entered RUNNING state, process has stayed up for > than 1 seconds (startsecs)
2016-02-18 07:06:36,668 INFO exited: redash_server (exit status 1; not expected)
2016-02-18 07:06:37,671 INFO spawned: 'redash_server' with pid 1263
2016-02-18 07:06:39,157 INFO success: redash_server entered RUNNING state, process has stayed up for > than 1 seconds (startsecs)
2016-02-18 07:06:39,332 INFO exited: redash_server (exit status 3; not expected)
2016-02-18 07:06:40,335 INFO spawned: 'redash_server' with pid 1280
2016-02-18 07:06:41,698 INFO success: redash_server entered RUNNING state, process has stayed up for > than 1 seconds (startsecs)
2016-02-18 07:06:42,014 INFO exited: redash_server (exit status 3; not expected)
2016-02-18 07:06:43,017 INFO spawned: 'redash_server' with pid 1297
2016-02-18 07:06:44,302 INFO success: redash_server entered RUNNING state, process has stayed up for > than 1 seconds (startsecs)
2016-02-18 07:06:44,748 INFO exited: redash_server (exit status 1; not expected)
2016-02-18 07:06:45,751 INFO spawned: 'redash_server' with pid 1314
2016-02-18 07:06:47,120 INFO success: redash_server entered RUNNING state, process has stayed up for > than 1 seconds (startsecs)
2016-02-18 07:06:47,426 INFO exited: redash_server (exit status 1; not expected)
2016-02-18 07:06:47,471 INFO spawned: 'redash_server' with pid 1331
2016-02-18 07:06:47,471 INFO reaped unknown pid 1326
2016-02-18 07:06:48,656 INFO success: redash_server entered RUNNING state, process has stayed up for > than 1 seconds (startsecs)
2016-02-18 07:06:49,168 INFO exited: redash_server (exit status 1; not expected)
2016-02-18 07:06:49,178 INFO spawned: 'redash_server' with pid 1348
2016-02-18 07:06:49,178 INFO reaped unknown pid 1341
2016-02-18 07:06:50,372 INFO success: redash_server entered RUNNING state, process has stayed up for > than 1 seconds (startsecs)
2016-02-18 07:06:50,857 INFO exited: redash_server (exit status 3; not expected)
2016-02-18 07:06:51,861 INFO spawned: 'redash_server' with pid 1365
2016-02-18 07:06:53,038 INFO success: redash_server entered RUNNING state, process has stayed up for > than 1 seconds (startsecs)
2016-02-18 07:06:53,540 INFO exited: redash_server (exit status 3; not expected)
2016-02-18 07:06:54,543 INFO spawned: 'redash_server' with pid 1382
2016-02-18 07:06:55,929 INFO success: redash_server entered RUNNING state, process has stayed up for > than 1 seconds (startsecs)
2016-02-18 07:06:56,283 INFO exited: redash_server (exit status 1; not expected)
2016-02-18 07:06:57,286 INFO spawned: 'redash_server' with pid 1399
2016-02-18 07:06:58,550 INFO success: redash_server entered RUNNING state, process has stayed up for > than 1 seconds (startsecs)
2016-02-18 07:06:59,012 INFO exited: redash_server (exit status 1; not expected)
2016-02-18 07:07:00,015 INFO spawned: 'redash_server' with pid 1416
2016-02-18 07:07:01,212 INFO success: redash_server entered RUNNING state, process has stayed up for > than 1 seconds (startsecs)
2016-02-18 07:07:01,696 INFO exited: redash_server (exit status 3; not expected)
2016-02-18 07:07:02,699 INFO spawned: 'redash_server' with pid 1433
2016-02-18 07:07:04,100 INFO success: redash_server entered RUNNING state, process has stayed up for > than 1 seconds (startsecs)
2016-02-18 07:07:04,401 INFO exited: redash_server (exit status 3; not expected)
2016-02-18 07:07:05,404 INFO spawned: 'redash_server' with pid 1450
2016-02-18 07:07:06,721 INFO success: redash_server entered RUNNING state, process has stayed up for > than 1 seconds (startsecs)
2016-02-18 07:07:07,117 INFO exited: redash_server (exit status 3; not expected)
2016-02-18 07:07:08,119 INFO spawned: 'redash_server' with pid 1467
2016-02-18 07:07:09,359 INFO success: redash_server entered RUNNING state, process has stayed up for > than 1 seconds (startsecs)
2016-02-18 07:07:09,804 INFO exited: redash_server (exit status 1; not expected)
2016-02-18 07:07:10,807 INFO spawned: 'redash_server' with pid 1484
2016-02-18 07:07:12,160 INFO success: redash_server entered RUNNING state, process has stayed up for > than 1 seconds (startsecs)
2016-02-18 07:07:12,496 INFO exited: redash_server (exit status 1; not expected)
2016-02-18 07:07:13,499 INFO spawned: 'redash_server' with pid 1501
2016-02-18 07:07:14,700 INFO success: redash_server entered RUNNING state, process has stayed up for > than 1 seconds (startsecs)
2016-02-18 07:07:15,200 INFO exited: redash_server (exit status 3; not expected)
2016-02-18 07:07:16,203 INFO spawned: 'redash_server' with pid 1518
2016-02-18 07:07:17,323 INFO success: redash_server entered RUNNING state, process has stayed up for > than 1 seconds (startsecs)
2016-02-18 07:07:17,920 INFO exited: redash_server (exit status 1; not expected)
2016-02-18 07:07:17,945 INFO spawned: 'redash_server' with pid 1535
2016-02-18 07:07:17,945 INFO reaped unknown pid 1530
2016-02-18 07:07:19,328 INFO success: redash_server entered RUNNING state, process has stayed up for > than 1 seconds (startsecs)
2016-02-18 07:07:19,616 INFO exited: redash_server (exit status 3; not expected)
2016-02-18 07:07:20,618 INFO spawned: 'redash_server' with pid 1552
2016-02-18 07:07:21,802 INFO success: redash_server entered RUNNING state, process has stayed up for > than 1 seconds (startsecs)
2016-02-18 07:07:22,291 INFO exited: redash_server (exit status 3; not expected)
2016-02-18 07:07:23,294 INFO spawned: 'redash_server' with pid 1569
2016-02-18 07:07:24,720 INFO success: redash_server entered RUNNING state, process has stayed up for > than 1 seconds (startsecs)
2016-02-18 07:07:25,020 INFO exited: redash_server (exit status 1; not expected)
2016-02-18 07:07:25,022 INFO spawned: 'redash_server' with pid 1586
2016-02-18 07:07:25,022 INFO reaped unknown pid 1581
2016-02-18 07:07:26,143 INFO success: redash_server entered RUNNING state, process has stayed up for > than 1 seconds (startsecs)
2016-02-18 07:07:26,724 INFO exited: redash_server (exit status 1; not expected)
2016-02-18 07:07:27,727 INFO spawned: 'redash_server' with pid 1603
2016-02-18 07:07:28,925 INFO success: redash_server entered RUNNING state, process has stayed up for > than 1 seconds (startsecs)
2016-02-18 07:07:29,414 INFO exited: redash_server (exit status 3; not expected)
2016-02-18 07:07:30,417 INFO spawned: 'redash_server' with pid 1620
2016-02-18 07:07:31,649 INFO success: redash_server entered RUNNING state, process has stayed up for > than 1 seconds (startsecs)
2016-02-18 07:07:32,107 INFO exited: redash_server (exit status 1; not expected)
2016-02-18 07:07:33,111 INFO spawned: 'redash_server' with pid 1637
2016-02-18 07:07:34,522 INFO success: redash_server entered RUNNING state, process has stayed up for > than 1 seconds (startsecs)
2016-02-18 07:07:34,800 INFO exited: redash_server (exit status 3; not expected)
2016-02-18 07:07:35,803 INFO spawned: 'redash_server' with pid 1654
2016-02-18 07:07:37,279 INFO success: redash_server entered RUNNING state, process has stayed up for > than 1 seconds (startsecs)
2016-02-18 07:07:37,499 INFO exited: redash_server (exit status 1; not expected)
2016-02-18 07:07:38,503 INFO spawned: 'redash_server' with pid 1671
2016-02-18 07:07:39,965 INFO success: redash_server entered RUNNING state, process has stayed up for > than 1 seconds (startsecs)
2016-02-18 07:07:40,229 INFO exited: redash_server (exit status 1; not expected)
2016-02-18 07:07:40,238 INFO spawned: 'redash_server' with pid 1688
2016-02-18 07:07:40,238 INFO reaped unknown pid 1678
2016-02-18 07:07:41,355 INFO success: redash_server entered RUNNING state, process has stayed up for > than 1 seconds (startsecs)
2016-02-18 07:07:41,912 INFO exited: redash_server (exit status 1; not expected)
2016-02-18 07:07:42,915 INFO spawned: 'redash_server' with pid 1705
2016-02-18 07:07:44,249 INFO success: redash_server entered RUNNING state, process has stayed up for > than 1 seconds (startsecs)
2016-02-18 07:07:44,545 INFO exited: redash_server (exit status 3; not expected)
2016-02-18 07:07:45,548 INFO spawned: 'redash_server' with pid 1722
2016-02-18 07:07:46,710 INFO success: redash_server entered RUNNING state, process has stayed up for > than 1 seconds (startsecs)
2016-02-18 07:07:47,211 INFO exited: redash_server (exit status 1; not expected)
2016-02-18 07:07:47,234 INFO spawned: 'redash_server' with pid 1739
2016-02-18 07:07:47,235 INFO reaped unknown pid 1734
2016-02-18 07:07:48,447 INFO success: redash_server entered RUNNING state, process has stayed up for > than 1 seconds (startsecs)
2016-02-18 07:07:48,882 INFO exited: redash_server (exit status 1; not expected)
2016-02-18 07:07:49,885 INFO spawned: 'redash_server' with pid 1756
2016-02-18 07:07:51,137 INFO success: redash_server entered RUNNING state, process has stayed up for > than 1 seconds (startsecs)
2016-02-18 07:07:51,578 INFO exited: redash_server (exit status 1; not expected)
2016-02-18 07:07:52,581 INFO spawned: 'redash_server' with pid 1773
2016-02-18 07:07:53,988 INFO success: redash_server entered RUNNING state, process has stayed up for > than 1 seconds (startsecs)
2016-02-18 07:07:54,272 INFO exited: redash_server (exit status 3; not expected)
2016-02-18 07:07:55,275 INFO spawned: 'redash_server' with pid 1790
2016-02-18 07:07:56,498 INFO success: redash_server entered RUNNING state, process has stayed up for > than 1 seconds (startsecs)
2016-02-18 07:07:56,947 INFO exited: redash_server (exit status 1; not expected)
2016-02-18 07:07:57,950 INFO spawned: 'redash_server' with pid 1807
2016-02-18 07:07:59,072 INFO success: redash_server entered RUNNING state, process has stayed up for > than 1 seconds (startsecs)
2016-02-18 07:07:59,634 INFO exited: redash_server (exit status 1; not expected)
2016-02-18 07:08:00,637 INFO spawned: 'redash_server' with pid 1824
2016-02-18 07:08:01,891 INFO success: redash_server entered RUNNING state, process has stayed up for > than 1 seconds (startsecs)
2016-02-18 07:08:02,336 INFO exited: redash_server (exit status 1; not expected)
2016-02-18 07:08:03,338 INFO spawned: 'redash_server' with pid 1841
2016-02-18 07:08:04,575 INFO success: redash_server entered RUNNING state, process has stayed up for > than 1 seconds (startsecs)
2016-02-18 07:08:05,048 INFO exited: redash_server (exit status 1; not expected)
2016-02-18 07:08:06,051 INFO spawned: 'redash_server' with pid 1858
2016-02-18 07:08:07,253 INFO success: redash_server entered RUNNING state, process has stayed up for > than 1 seconds (startsecs)
2016-02-18 07:08:07,741 INFO exited: redash_server (exit status 3; not expected)
2016-02-18 07:08:08,744 INFO spawned: 'redash_server' with pid 1875
2016-02-18 07:08:09,929 INFO success: redash_server entered RUNNING state, process has stayed up for > than 1 seconds (startsecs)
2016-02-18 07:08:10,423 INFO exited: redash_server (exit status 3; not expected)
2016-02-18 07:08:11,427 INFO spawned: 'redash_server' with pid 1892
2016-02-18 07:08:12,800 INFO success: redash_server entered RUNNING state, process has stayed up for > than 1 seconds (startsecs)
2016-02-18 07:08:13,143 INFO exited: redash_server (exit status 1; not expected)
2016-02-18 07:08:14,146 INFO spawned: 'redash_server' with pid 1909
2016-02-18 07:08:15,527 INFO success: redash_server entered RUNNING state, process has stayed up for > than 1 seconds (startsecs)
2016-02-18 07:08:15,830 INFO exited: redash_server (exit status 1; not expected)
2016-02-18 07:08:15,831 INFO spawned: 'redash_server' with pid 1926
2016-02-18 07:08:15,831 INFO reaped unknown pid 1920
2016-02-18 07:08:16,988 INFO success: redash_server entered RUNNING state, process has stayed up for > than 1 seconds (startsecs)
2016-02-18 07:08:17,488 INFO exited: redash_server (exit status 3; not expected)
2016-02-18 07:08:18,492 INFO spawned: 'redash_server' with pid 1943
2016-02-18 07:08:19,695 INFO success: redash_server entered RUNNING state, process has stayed up for > than 1 seconds (startsecs)
2016-02-18 07:08:20,189 INFO exited: redash_server (exit status 1; not expected)
2016-02-18 07:08:20,212 INFO spawned: 'redash_server' with pid 1960
2016-02-18 07:08:20,213 INFO reaped unknown pid 1953
2016-02-18 07:08:21,486 INFO success: redash_server entered RUNNING state, process has stayed up for > than 1 seconds (startsecs)
2016-02-18 07:08:21,877 INFO exited: redash_server (exit status 3; not expected)
2016-02-18 07:08:22,881 INFO spawned: 'redash_server' with pid 1977
2016-02-18 07:08:24,085 INFO success: redash_server entered RUNNING state, process has stayed up for > than 1 seconds (startsecs)
2016-02-18 07:08:24,560 INFO exited: redash_server (exit status 1; not expected)
2016-02-18 07:08:25,563 INFO spawned: 'redash_server' with pid 1994
2016-02-18 07:08:26,943 INFO success: redash_server entered RUNNING state, process has stayed up for > than 1 seconds (startsecs)
2016-02-18 07:08:27,252 INFO exited: redash_server (exit status 3; not expected)
2016-02-18 07:08:28,255 INFO spawned: 'redash_server' with pid 2011
2016-02-18 07:08:29,459 INFO success: redash_server entered RUNNING state, process has stayed up for > than 1 seconds (startsecs)
2016-02-18 07:08:29,944 INFO exited: redash_server (exit status 3; not expected)
2016-02-18 07:08:30,948 INFO spawned: 'redash_server' with pid 2028
2016-02-18 07:08:32,427 INFO success: redash_server entered RUNNING state, process has stayed up for > than 1 seconds (startsecs)
2016-02-18 07:08:32,590 INFO exited: redash_server (exit status 3; not expected)
2016-02-18 07:08:33,593 INFO spawned: 'redash_server' with pid 2045
2016-02-18 07:08:34,996 INFO success: redash_server entered RUNNING state, process has stayed up for > than 1 seconds (startsecs)
2016-02-18 07:08:35,325 INFO exited: redash_server (exit status 1; not expected)
2016-02-18 07:08:36,327 INFO spawned: 'redash_server' with pid 2062
2016-02-18 07:08:37,677 INFO success: redash_server entered RUNNING state, process has stayed up for > than 1 seconds (startsecs)
2016-02-18 07:08:37,961 INFO exited: redash_server (exit status 3; not expected)
2016-02-18 07:08:38,964 INFO spawned: 'redash_server' with pid 2079
2016-02-18 07:08:40,174 INFO success: redash_server entered RUNNING state, process has stayed up for > than 1 seconds (startsecs)
2016-02-18 07:08:40,658 INFO exited: redash_server (exit status 1; not expected)
2016-02-18 07:08:40,663 INFO spawned: 'redash_server' with pid 2096
2016-02-18 07:08:40,663 INFO reaped unknown pid 2089
2016-02-18 07:08:41,983 INFO success: redash_server entered RUNNING state, process has stayed up for > than 1 seconds (startsecs)
2016-02-18 07:08:42,350 INFO exited: redash_server (exit status 1; not expected)
2016-02-18 07:08:43,353 INFO spawned: 'redash_server' with pid 2113
2016-02-18 07:08:44,775 INFO success: redash_server entered RUNNING state, process has stayed up for > than 1 seconds (startsecs)
2016-02-18 07:08:45,032 INFO exited: redash_server (exit status 1; not expected)
2016-02-18 07:08:46,036 INFO spawned: 'redash_server' with pid 2130
2016-02-18 07:08:47,137 INFO success: redash_server entered RUNNING state, process has stayed up for > than 1 seconds (startsecs)
2016-02-18 07:08:47,786 INFO exited: redash_server (exit status 1; not expected)
2016-02-18 07:08:48,789 INFO spawned: 'redash_server' with pid 2147
2016-02-18 07:08:50,190 INFO success: redash_server entered RUNNING state, process has stayed up for > than 1 seconds (startsecs)
2016-02-18 07:08:50,489 INFO exited: redash_server (exit status 3; not expected)
2016-02-18 07:08:51,492 INFO spawned: 'redash_server' with pid 2164
2016-02-18 07:08:52,732 INFO success: redash_server entered RUNNING state, process has stayed up for > than 1 seconds (startsecs)
2016-02-18 07:08:53,215 INFO exited: redash_server (exit status 3; not expected)
2016-02-18 07:08:54,218 INFO spawned: 'redash_server' with pid 2181
2016-02-18 07:08:55,418 INFO success: redash_server entered RUNNING state, process has stayed up for > than 1 seconds (startsecs)
2016-02-18 07:08:55,907 INFO exited: redash_server (exit status 3; not expected)
2016-02-18 07:08:56,910 INFO spawned: 'redash_server' with pid 2198
2016-02-18 07:08:58,195 INFO success: redash_server entered RUNNING state, process has stayed up for > than 1 seconds (startsecs)
2016-02-18 07:08:58,591 INFO exited: redash_server (exit status 3; not expected)
2016-02-18 07:08:59,594 INFO spawned: 'redash_server' with pid 2215
2016-02-18 07:09:00,894 INFO success: redash_server entered RUNNING state, process has stayed up for > than 1 seconds (startsecs)
2016-02-18 07:09:01,274 INFO exited: redash_server (exit status 3; not expected)
2016-02-18 07:09:02,277 INFO spawned: 'redash_server' with pid 2232
2016-02-18 07:09:03,522 INFO success: redash_server entered RUNNING state, process has stayed up for > than 1 seconds (startsecs)
2016-02-18 07:09:03,965 INFO exited: redash_server (exit status 1; not expected)
2016-02-18 07:09:04,968 INFO spawned: 'redash_server' with pid 2249
2016-02-18 07:09:06,163 INFO success: redash_server entered RUNNING state, process has stayed up for > than 1 seconds (startsecs)
2016-02-18 07:09:06,652 INFO exited: redash_server (exit status 1; not expected)
2016-02-18 07:09:06,680 INFO spawned: 'redash_server' with pid 2266
2016-02-18 07:09:06,680 INFO reaped unknown pid 2259
2016-02-18 07:09:08,073 INFO success: redash_server entered RUNNING state, process has stayed up for > than 1 seconds (startsecs)
2016-02-18 07:09:08,359 INFO exited: redash_server (exit status 3; not expected)
2016-02-18 07:09:09,362 INFO spawned: 'redash_server' with pid 2283
2016-02-18 07:09:10,662 INFO success: redash_server entered RUNNING state, process has stayed up for > than 1 seconds (startsecs)
2016-02-18 07:09:11,056 INFO exited: redash_server (exit status 1; not expected)
2016-02-18 07:09:11,088 INFO spawned: 'redash_server' with pid 2300
2016-02-18 07:09:11,088 INFO reaped unknown pid 2295
2016-02-18 07:09:12,526 INFO success: redash_server entered RUNNING state, process has stayed up for > than 1 seconds (startsecs)
2016-02-18 07:09:12,759 INFO exited: redash_server (exit status 1; not expected)
2016-02-18 07:09:13,762 INFO spawned: 'redash_server' with pid 2317
2016-02-18 07:09:14,873 INFO success: redash_server entered RUNNING state, process has stayed up for > than 1 seconds (startsecs)
2016-02-18 07:09:15,473 INFO exited: redash_server (exit status 1; not expected)
2016-02-18 07:09:16,476 INFO spawned: 'redash_server' with pid 2334
2016-02-18 07:09:17,867 INFO success: redash_server entered RUNNING state, process has stayed up for > than 1 seconds (startsecs)
2016-02-18 07:09:18,160 INFO exited: redash_server (exit status 3; not expected)
2016-02-18 07:09:19,163 INFO spawned: 'redash_server' with pid 2351
2016-02-18 07:09:20,284 INFO success: redash_server entered RUNNING state, process has stayed up for > than 1 seconds (startsecs)
2016-02-18 07:09:20,833 INFO exited: redash_server (exit status 1; not expected)
2016-02-18 07:09:21,836 INFO spawned: 'redash_server' with pid 2368
2016-02-18 07:09:23,256 INFO success: redash_server entered RUNNING state, process has stayed up for > than 1 seconds (startsecs)
2016-02-18 07:09:23,520 INFO exited: redash_server (exit status 1; not expected)
2016-02-18 07:09:24,522 INFO spawned: 'redash_server' with pid 2385
2016-02-18 07:09:25,738 INFO success: redash_server entered RUNNING state, process has stayed up for > than 1 seconds (startsecs)
2016-02-18 07:09:26,201 INFO exited: redash_server (exit status 1; not expected)
2016-02-18 07:09:27,204 INFO spawned: 'redash_server' with pid 2402
2016-02-18 07:09:28,634 INFO success: redash_server entered RUNNING state, process has stayed up for > than 1 seconds (startsecs)
2016-02-18 07:09:28,921 INFO exited: redash_server (exit status 1; not expected)
2016-02-18 07:09:28,936 INFO spawned: 'redash_server' with pid 2419
2016-02-18 07:09:28,936 INFO reaped unknown pid 2413
2016-02-18 07:09:30,165 INFO success: redash_server entered RUNNING state, process has stayed up for > than 1 seconds (startsecs)
2016-02-18 07:09:30,645 INFO exited: redash_server (exit status 1; not expected)
2016-02-18 07:09:30,645 INFO reaped unknown pid 2429
2016-02-18 07:09:31,649 INFO spawned: 'redash_server' with pid 2436
2016-02-18 07:09:32,810 INFO success: redash_server entered RUNNING state, process has stayed up for > than 1 seconds (startsecs)
2016-02-18 07:09:33,353 INFO exited: redash_server (exit status 1; not expected)
2016-02-18 07:09:34,357 INFO spawned: 'redash_server' with pid 2453
2016-02-18 07:09:35,575 INFO success: redash_server entered RUNNING state, process has stayed up for > than 1 seconds (startsecs)
2016-02-18 07:09:36,070 INFO exited: redash_server (exit status 3; not expected)
2016-02-18 07:09:37,073 INFO spawned: 'redash_server' with pid 2470
2016-02-18 07:09:38,281 INFO success: redash_server entered RUNNING state, process has stayed up for > than 1 seconds (startsecs)
2016-02-18 07:09:38,764 INFO exited: redash_server (exit status 1; not expected)
2016-02-18 07:09:38,769 INFO spawned: 'redash_server' with pid 2487
2016-02-18 07:09:38,770 INFO reaped unknown pid 2480
2016-02-18 07:09:40,149 INFO success: redash_server entered RUNNING state, process has stayed up for > than 1 seconds (startsecs)
2016-02-18 07:09:40,474 INFO exited: redash_server (exit status 1; not expected)
2016-02-18 07:09:41,477 INFO spawned: 'redash_server' with pid 2504
2016-02-18 07:09:42,694 INFO success: redash_server entered RUNNING state, process has stayed up for > than 1 seconds (startsecs)
2016-02-18 07:09:43,130 INFO exited: redash_server (exit status 1; not expected)
2016-02-18 07:09:44,133 INFO spawned: 'redash_server' with pid 2521
2016-02-18 07:09:45,404 INFO success: redash_server entered RUNNING state, process has stayed up for > than 1 seconds (startsecs)
2016-02-18 07:09:45,854 INFO exited: redash_server (exit status 1; not expected)
2016-02-18 07:09:46,857 INFO spawned: 'redash_server' with pid 2538
2016-02-18 07:09:48,177 INFO success: redash_server entered RUNNING state, process has stayed up for > than 1 seconds (startsecs)
2016-02-18 07:09:48,533 INFO exited: redash_server (exit status 1; not expected)
2016-02-18 07:09:49,536 INFO spawned: 'redash_server' with pid 2555
2016-02-18 07:09:50,864 INFO success: redash_server entered RUNNING state, process has stayed up for > than 1 seconds (startsecs)
2016-02-18 07:09:51,254 INFO exited: redash_server (exit status 3; not expected)
2016-02-18 07:09:52,257 INFO spawned: 'redash_server' with pid 2572
2016-02-18 07:09:53,496 INFO success: redash_server entered RUNNING state, process has stayed up for > than 1 seconds (startsecs)
2016-02-18 07:09:53,926 INFO exited: redash_server (exit status 1; not expected)
2016-02-18 07:09:54,929 INFO spawned: 'redash_server' with pid 2589
2016-02-18 07:09:55,233 INFO exited: redash_server (exit status 1; not expected)
2016-02-18 07:09:55,233 INFO reaped unknown pid 2596
2016-02-18 07:09:55,233 INFO reaped unknown pid 2597
2016-02-18 07:09:56,236 INFO spawned: 'redash_server' with pid 2598
2016-02-18 07:09:56,446 INFO exited: redash_server (exit status 1; not expected)
2016-02-18 07:09:56,446 INFO reaped unknown pid 2605
2016-02-18 07:09:56,446 INFO reaped unknown pid 2606
2016-02-18 07:09:58,451 INFO spawned: 'redash_server' with pid 2607
2016-02-18 07:09:58,651 INFO exited: redash_server (exit status 1; not expected)
2016-02-18 07:09:58,651 INFO reaped unknown pid 2614
2016-02-18 07:09:58,651 INFO reaped unknown pid 2615
2016-02-18 07:10:01,658 INFO spawned: 'redash_server' with pid 2616
2016-02-18 07:10:01,859 INFO exited: redash_server (exit status 1; not expected)
2016-02-18 07:10:01,859 INFO reaped unknown pid 2623
2016-02-18 07:10:01,859 INFO reaped unknown pid 2624
2016-02-18 07:10:02,861 INFO gave up: redash_server entered FATAL state, too many start retries too quickly
2016-02-18 07:11:02,671 WARN received SIGTERM indicating exit request
2016-02-18 07:11:02,672 INFO waiting for redash_celery, redash_celery_scheduled to die
2016-02-18 07:11:04,299 INFO stopped: redash_celery_scheduled (exit status 0)
2016-02-18 07:11:06,306 INFO waiting for redash_celery to die
2016-02-18 07:11:09,312 INFO waiting for redash_celery to die
2016-02-18 07:11:12,318 INFO waiting for redash_celery to die
2016-02-18 07:11:20,235 CRIT Supervisor running as root (no user in config file)
2016-02-18 07:11:20,305 INFO RPC interface 'supervisor' initialized
2016-02-18 07:11:20,306 CRIT Server 'inet_http_server' running without any HTTP authentication checking
2016-02-18 07:11:20,306 INFO supervisord started with pid 1
2016-02-18 07:11:21,320 INFO spawned: 'redash_celery' with pid 8
2016-02-18 07:11:21,323 INFO spawned: 'redash_server' with pid 9
2016-02-18 07:11:21,325 INFO spawned: 'redash_celery_scheduled' with pid 10
2016-02-18 07:11:22,792 INFO success: redash_celery entered RUNNING state, process has stayed up for > than 1 seconds (startsecs)
2016-02-18 07:11:22,793 INFO success: redash_server entered RUNNING state, process has stayed up for > than 1 seconds (startsecs)
2016-02-18 07:11:22,793 INFO success: redash_celery_scheduled entered RUNNING state, process has stayed up for > than 1 seconds (startsecs)
2016-02-18 07:39:25,251 WARN received SIGTERM indicating exit request
2016-02-18 07:39:25,321 INFO waiting for redash_celery, redash_server, redash_celery_scheduled to die
2016-02-18 07:39:28,328 INFO waiting for redash_celery, redash_server, redash_celery_scheduled to die
2016-02-18 07:39:31,334 INFO waiting for redash_celery, redash_server, redash_celery_scheduled to die
2016-02-18 07:39:34,340 INFO waiting for redash_celery, redash_server, redash_celery_scheduled to die
2016-02-18 07:39:43,003 CRIT Supervisor running as root (no user in config file)
2016-02-18 07:39:43,038 INFO RPC interface 'supervisor' initialized
2016-02-18 07:39:43,038 CRIT Server 'inet_http_server' running without any HTTP authentication checking
2016-02-18 07:39:43,042 INFO supervisord started with pid 1
2016-02-18 07:39:44,046 INFO spawned: 'redash_celery' with pid 8
2016-02-18 07:39:44,050 INFO spawned: 'redash_server' with pid 9
2016-02-18 07:39:44,057 INFO spawned: 'redash_celery_scheduled' with pid 10
2016-02-18 07:39:45,588 INFO success: redash_celery entered RUNNING state, process has stayed up for > than 1 seconds (startsecs)
2016-02-18 07:39:45,588 INFO success: redash_server entered RUNNING state, process has stayed up for > than 1 seconds (startsecs)
2016-02-18 07:39:45,589 INFO success: redash_celery_scheduled entered RUNNING state, process has stayed up for > than 1 seconds (startsecs)
2016-02-22 03:21:10,300 CRIT Supervisor running as root (no user in config file)
2016-02-22 03:21:10,432 INFO RPC interface 'supervisor' initialized
2016-02-22 03:21:10,432 CRIT Server 'inet_http_server' running without any HTTP authentication checking
2016-02-22 03:21:10,433 INFO supervisord started with pid 1
2016-02-22 03:21:11,438 INFO spawned: 'redash_celery' with pid 8
2016-02-22 03:21:11,449 INFO spawned: 'redash_server' with pid 9
2016-02-22 03:21:11,478 INFO spawned: 'redash_celery_scheduled' with pid 10
2016-02-22 03:21:13,298 INFO success: redash_celery entered RUNNING state, process has stayed up for > than 1 seconds (startsecs)
2016-02-22 03:21:13,298 INFO success: redash_server entered RUNNING state, process has stayed up for > than 1 seconds (startsecs)
2016-02-22 03:21:13,298 INFO success: redash_celery_scheduled entered RUNNING state, process has stayed up for > than 1 seconds (startsecs)
2016-04-14 09:48:58,433 CRIT Supervisor running as root (no user in config file)
2016-04-14 09:48:58,551 INFO RPC interface 'supervisor' initialized
2016-04-14 09:48:58,551 CRIT Server 'inet_http_server' running without any HTTP authentication checking
2016-04-14 09:48:58,551 INFO supervisord started with pid 1
2016-04-14 09:48:59,556 INFO spawned: 'redash_celery' with pid 8
2016-04-14 09:48:59,559 INFO spawned: 'redash_server' with pid 9
2016-04-14 09:48:59,571 INFO spawned: 'redash_celery_scheduled' with pid 10
2016-04-14 09:49:01,291 INFO success: redash_celery entered RUNNING state, process has stayed up for > than 1 seconds (startsecs)
2016-04-14 09:49:01,291 INFO success: redash_server entered RUNNING state, process has stayed up for > than 1 seconds (startsecs)
2016-04-14 09:49:01,291 INFO success: redash_celery_scheduled entered RUNNING state, process has stayed up for > than 1 seconds (startsecs)
2016-04-14 09:49:50,685 WARN received SIGTERM indicating exit request
2016-04-14 09:49:50,685 INFO waiting for redash_celery, redash_server, redash_celery_scheduled to die
2016-04-14 09:49:53,518 INFO stopped: redash_celery_scheduled (exit status 0)
2016-04-14 09:49:53,658 INFO stopped: redash_server (exit status 0)
2016-04-14 09:49:54,660 INFO waiting for redash_celery to die
2016-04-14 09:49:57,665 INFO waiting for redash_celery to die
2016-04-14 10:19:46,659 CRIT Supervisor running as root (no user in config file)
2016-04-14 10:19:46,797 INFO RPC interface 'supervisor' initialized
2016-04-14 10:19:46,797 CRIT Server 'inet_http_server' running without any HTTP authentication checking
2016-04-14 10:19:46,808 INFO supervisord started with pid 1
2016-04-14 10:19:47,834 INFO spawned: 'redash_celery' with pid 8
2016-04-14 10:19:47,838 INFO spawned: 'redash_server' with pid 9
2016-04-14 10:19:47,842 INFO spawned: 'redash_celery_scheduled' with pid 10
2016-04-14 10:19:49,232 INFO success: redash_celery entered RUNNING state, process has stayed up for > than 1 seconds (startsecs)
2016-04-14 10:19:49,233 INFO success: redash_server entered RUNNING state, process has stayed up for > than 1 seconds (startsecs)
2016-04-14 10:19:49,233 INFO success: redash_celery_scheduled entered RUNNING state, process has stayed up for > than 1 seconds (startsecs)
2016-04-14 10:20:33,054 WARN received SIGTERM indicating exit request
2016-04-14 10:20:33,120 INFO waiting for redash_celery, redash_server, redash_celery_scheduled to die
2016-04-14 10:20:36,300 INFO waiting for redash_celery, redash_server, redash_celery_scheduled to die
2016-04-14 10:20:39,303 INFO waiting for redash_celery, redash_server, redash_celery_scheduled to die
2016-04-14 10:20:42,311 INFO waiting for redash_celery, redash_server, redash_celery_scheduled to die
2016-04-15 02:54:59,637 CRIT Supervisor running as root (no user in config file)
2016-04-15 02:54:59,677 INFO RPC interface 'supervisor' initialized
2016-04-15 02:54:59,677 CRIT Server 'inet_http_server' running without any HTTP authentication checking
2016-04-15 02:54:59,677 INFO supervisord started with pid 1
2016-04-15 02:55:00,680 INFO spawned: 'redash_celery' with pid 8
2016-04-15 02:55:00,683 INFO spawned: 'redash_server' with pid 9
2016-04-15 02:55:00,685 INFO spawned: 'redash_celery_scheduled' with pid 10
2016-04-15 02:55:02,150 INFO success: redash_celery entered RUNNING state, process has stayed up for > than 1 seconds (startsecs)
2016-04-15 02:55:02,150 INFO success: redash_server entered RUNNING state, process has stayed up for > than 1 seconds (startsecs)
2016-04-15 02:55:02,150 INFO success: redash_celery_scheduled entered RUNNING state, process has stayed up for > than 1 seconds (startsecs)
2016-04-15 03:00:47,946 CRIT Supervisor running as root (no user in config file)
2016-04-15 03:00:47,968 INFO RPC interface 'supervisor' initialized
2016-04-15 03:00:47,968 CRIT Server 'inet_http_server' running without any HTTP authentication checking
2016-04-15 03:00:47,968 INFO supervisord started with pid 1
2016-04-15 03:00:48,972 INFO spawned: 'redash_celery' with pid 8
2016-04-15 03:00:48,974 INFO spawned: 'redash_server' with pid 9
2016-04-15 03:00:48,976 INFO spawned: 'redash_celery_scheduled' with pid 10
2016-04-15 03:00:50,508 INFO success: redash_celery entered RUNNING state, process has stayed up for > than 1 seconds (startsecs)
2016-04-15 03:00:50,508 INFO success: redash_server entered RUNNING state, process has stayed up for > than 1 seconds (startsecs)
2016-04-15 03:00:50,508 INFO success: redash_celery_scheduled entered RUNNING state, process has stayed up for > than 1 seconds (startsecs)
2016-04-15 03:09:14,286 WARN received SIGTERM indicating exit request
2016-04-15 03:09:14,689 INFO waiting for redash_celery, redash_server, redash_celery_scheduled to die
2016-04-15 03:09:17,771 INFO waiting for redash_celery, redash_server, redash_celery_scheduled to die
2016-04-15 03:09:20,776 INFO waiting for redash_celery, redash_server, redash_celery_scheduled to die
2016-04-15 03:09:23,781 INFO waiting for redash_celery, redash_server, redash_celery_scheduled to die
2016-04-15 03:12:29,388 CRIT Supervisor running as root (no user in config file)
2016-04-15 03:12:29,431 INFO RPC interface 'supervisor' initialized
2016-04-15 03:12:29,431 CRIT Server 'inet_http_server' running without any HTTP authentication checking
2016-04-15 03:12:29,432 INFO supervisord started with pid 1
2016-04-15 03:12:30,435 INFO spawned: 'redash_celery' with pid 8
2016-04-15 03:12:30,438 INFO spawned: 'redash_server' with pid 9
2016-04-15 03:12:30,446 INFO spawned: 'redash_celery_scheduled' with pid 10
2016-04-15 03:12:32,205 INFO success: redash_celery entered RUNNING state, process has stayed up for > than 1 seconds (startsecs)
2016-04-15 03:12:32,205 INFO success: redash_server entered RUNNING state, process has stayed up for > than 1 seconds (startsecs)
2016-04-15 03:12:32,206 INFO success: redash_celery_scheduled entered RUNNING state, process has stayed up for > than 1 seconds (startsecs)
2016-04-20 08:30:46,360 INFO reaped unknown pid 101
2016-04-20 08:30:47,098 INFO reaped unknown pid 100
2016-04-20 08:30:47,099 INFO reaped unknown pid 99
